警告: `request_from_parts` が複数のモジュールから use * でインポートされています
  anvil/request.request_from_parts
  anvil/request.request_from_parts
警告: `new_request` が複数のモジュールから use * でインポートされています
  anvil/request.new_request
  anvil/request.new_request
警告: `new_request` が複数のモジュールから use * でインポートされています
  anvil/request.new_request
  anvil/request.new_request
警告: `request_from_parts` が複数のモジュールから use * でインポートされています
  anvil/request.request_from_parts
  anvil/request.request_from_parts
警告: `new_request` が複数のモジュールから use * でインポートされています
  anvil/request.new_request
  anvil/request.new_request
警告: `request_from_parts` が複数のモジュールから use * でインポートされています
  anvil/request.request_from_parts
  anvil/request.request_from_parts
警告: `authenticate_settings` が複数のモジュールから use * でインポートされています
  anvil/auth.authenticate_settings
  anvil/auth.authenticate_settings
警告: `roles_include` が複数のモジュールから use * でインポートされています
  anvil/auth.roles_include
  anvil/auth.roles_include
警告: `authenticate_bearer` が複数のモジュールから use * でインポートされています
  anvil/auth.authenticate_bearer
  anvil/auth.authenticate_bearer
警告: `join_roles` が複数のモジュールから use * でインポートされています
  anvil/auth.join_roles
  anvil/auth.join_roles
警告: `auth_context_from_header` が複数のモジュールから use * でインポートされています
  anvil/auth.auth_context_from_header
  anvil/auth.auth_context_from_header
警告: `split_roles` が複数のモジュールから use * でインポートされています
  anvil/auth.split_roles
  anvil/auth.split_roles
警告: `parse_settings_tokens` が複数のモジュールから use * でインポートされています
  anvil/auth.parse_settings_tokens
  anvil/auth.parse_settings_tokens
警告: `auth_context_to_header` が複数のモジュールから use * でインポートされています
  anvil/auth.auth_context_to_header
  anvil/auth.auth_context_to_header
警告: `new_request` が複数のモジュールから use * でインポートされています
  anvil/request.new_request
  anvil/request.new_request
警告: `request_from_parts` が複数のモジュールから use * でインポートされています
  anvil/request.request_from_parts
  anvil/request.request_from_parts
警告: `encode_auth_tokens` が複数のモジュールから use * でインポートされています
  anvil/middleware.encode_auth_tokens
  anvil/middleware.encode_auth_tokens
警告: `settings_auth_middleware` が複数のモジュールから use * でインポートされています
  anvil/middleware.settings_auth_middleware
  anvil/middleware.settings_auth_middleware
警告: `apply_response_middleware` が複数のモジュールから use * でインポートされています
  anvil/middleware.apply_response_middleware
  anvil/middleware.apply_response_middleware
警告: `middleware_passthrough` が複数のモジュールから use * でインポートされています
  anvil/middleware.middleware_passthrough
  anvil/middleware.middleware_passthrough
警告: `require_role` が複数のモジュールから use * でインポートされています
  anvil/middleware.require_role
  anvil/middleware.require_role
警告: `logger` が複数のモジュールから use * でインポートされています
  anvil/middleware.logger
  anvil/middleware.logger
警告: `static_files` が複数のモジュールから use * でインポートされています
  anvil/middleware.static_files
  anvil/middleware.static_files
警告: `auth_middleware` が複数のモジュールから use * でインポートされています
  anvil/middleware.auth_middleware
  anvil/middleware.auth_middleware
警告: `handle_auth_error` が複数のモジュールから use * でインポートされています
  anvil/middleware.handle_auth_error
  anvil/middleware.handle_auth_error
警告: `decode_auth_tokens` が複数のモジュールから use * でインポートされています
  anvil/middleware.decode_auth_tokens
  anvil/middleware.decode_auth_tokens
警告: `apply_request_middleware` が複数のモジュールから use * でインポートされています
  anvil/middleware.apply_request_middleware
  anvil/middleware.apply_request_middleware
警告: `append_middleware_trace` が複数のモジュールから use * でインポートされています
  anvil/middleware.append_middleware_trace
  anvil/middleware.append_middleware_trace
警告: `json_parser` が複数のモジュールから use * でインポートされています
  anvil/middleware.json_parser
  anvil/middleware.json_parser
警告: `new_request` が複数のモジュールから use * でインポートされています
  anvil/request.new_request
  anvil/request.new_request
警告: `request_from_parts` が複数のモジュールから use * でインポートされています
  anvil/request.request_from_parts
  anvil/request.request_from_parts
警告: `new_request` が複数のモジュールから use * でインポートされています
  anvil/request.new_request
  anvil/request.new_request
警告: `request_from_parts` が複数のモジュールから use * でインポートされています
  anvil/request.request_from_parts
  anvil/request.request_from_parts
警告: `new_request` が複数のモジュールから use * でインポートされています
  anvil/request.new_request
  anvil/request.new_request
警告: `request_from_parts` が複数のモジュールから use * でインポートされています
  anvil/request.request_from_parts
  anvil/request.request_from_parts
警告: `join_roles` が複数のモジュールから use * でインポートされています
  anvil/auth.join_roles
  anvil/auth.join_roles
警告: `parse_settings_tokens` が複数のモジュールから use * でインポートされています
  anvil/auth.parse_settings_tokens
  anvil/auth.parse_settings_tokens
警告: `auth_context_to_header` が複数のモジュールから use * でインポートされています
  anvil/auth.auth_context_to_header
  anvil/auth.auth_context_to_header
警告: `split_roles` が複数のモジュールから use * でインポートされています
  anvil/auth.split_roles
  anvil/auth.split_roles
警告: `authenticate_settings` が複数のモジュールから use * でインポートされています
  anvil/auth.authenticate_settings
  anvil/auth.authenticate_settings
警告: `roles_include` が複数のモジュールから use * でインポートされています
  anvil/auth.roles_include
  anvil/auth.roles_include
警告: `auth_context_from_header` が複数のモジュールから use * でインポートされています
  anvil/auth.auth_context_from_header
  anvil/auth.auth_context_from_header
警告: `authenticate_bearer` が複数のモジュールから use * でインポートされています
  anvil/auth.authenticate_bearer
  anvil/auth.authenticate_bearer
警告: `new_request` が複数のモジュールから use * でインポートされています
  anvil/request.new_request
  anvil/request.new_request
警告: `request_from_parts` が複数のモジュールから use * でインポートされています
  anvil/request.request_from_parts
  anvil/request.request_from_parts
警告: `settings_auth_middleware` が複数のモジュールから use * でインポートされています
  anvil/middleware.settings_auth_middleware
  anvil/middleware.settings_auth_middleware
警告: `handle_auth_error` が複数のモジュールから use * でインポートされています
  anvil/middleware.handle_auth_error
  anvil/middleware.handle_auth_error
警告: `encode_auth_tokens` が複数のモジュールから use * でインポートされています
  anvil/middleware.encode_auth_tokens
  anvil/middleware.encode_auth_tokens
警告: `middleware_passthrough` が複数のモジュールから use * でインポートされています
  anvil/middleware.middleware_passthrough
  anvil/middleware.middleware_passthrough
警告: `apply_request_middleware` が複数のモジュールから use * でインポートされています
  anvil/middleware.apply_request_middleware
  anvil/middleware.apply_request_middleware
警告: `logger` が複数のモジュールから use * でインポートされています
  anvil/middleware.logger
  anvil/middleware.logger
警告: `decode_auth_tokens` が複数のモジュールから use * でインポートされています
  anvil/middleware.decode_auth_tokens
  anvil/middleware.decode_auth_tokens
警告: `apply_response_middleware` が複数のモジュールから use * でインポートされています
  anvil/middleware.apply_response_middleware
  anvil/middleware.apply_response_middleware
警告: `json_parser` が複数のモジュールから use * でインポートされています
  anvil/middleware.json_parser
  anvil/middleware.json_parser
警告: `append_middleware_trace` が複数のモジュールから use * でインポートされています
  anvil/middleware.append_middleware_trace
  anvil/middleware.append_middleware_trace
警告: `auth_middleware` が複数のモジュールから use * でインポートされています
  anvil/middleware.auth_middleware
  anvil/middleware.auth_middleware
警告: `require_role` が複数のモジュールから use * でインポートされています
  anvil/middleware.require_role
  anvil/middleware.require_role
警告: `static_files` が複数のモジュールから use * でインポートされています
  anvil/middleware.static_files
  anvil/middleware.static_files
警告: `new_request` が複数のモジュールから use * でインポートされています
  anvil/request.new_request
  anvil/request.new_request
警告: `request_from_parts` が複数のモジュールから use * でインポートされています
  anvil/request.request_from_parts
  anvil/request.request_from_parts
警告: `apply_cors_response` が複数のモジュールから use * でインポートされています
  anvil/cors.apply_cors_response
  anvil/cors.apply_cors_response
警告: `cors_preflight_response` が複数のモジュールから use * でインポートされています
  anvil/cors.cors_preflight_response
  anvil/cors.cors_preflight_response
警告: `cors` が複数のモジュールから use * でインポートされています
  anvil/cors.cors
  anvil/cors.cors
警告: `join_csv` が複数のモジュールから use * でインポートされています
  anvil/cors.join_csv
  anvil/cors.join_csv
警告: `apply_cors` が複数のモジュールから use * でインポートされています
  anvil/cors.apply_cors
  anvil/cors.apply_cors
警告: `cors_allowed_origin` が複数のモジュールから use * でインポートされています
  anvil/cors.cors_allowed_origin
  anvil/cors.cors_allowed_origin
警告: `new_request` が複数のモジュールから use * でインポートされています
  anvil/request.new_request
  anvil/request.new_request
警告: `request_from_parts` が複数のモジュールから use * でインポートされています
  anvil/request.request_from_parts
  anvil/request.request_from_parts
警告: `join_roles` が複数のモジュールから use * でインポートされています
  anvil/auth.join_roles
  anvil/auth.join_roles
警告: `auth_context_from_header` が複数のモジュールから use * でインポートされています
  anvil/auth.auth_context_from_header
  anvil/auth.auth_context_from_header
警告: `auth_context_to_header` が複数のモジュールから use * でインポートされています
  anvil/auth.auth_context_to_header
  anvil/auth.auth_context_to_header
警告: `authenticate_settings` が複数のモジュールから use * でインポートされています
  anvil/auth.authenticate_settings
  anvil/auth.authenticate_settings
警告: `roles_include` が複数のモジュールから use * でインポートされています
  anvil/auth.roles_include
  anvil/auth.roles_include
警告: `split_roles` が複数のモジュールから use * でインポートされています
  anvil/auth.split_roles
  anvil/auth.split_roles
警告: `authenticate_bearer` が複数のモジュールから use * でインポートされています
  anvil/auth.authenticate_bearer
  anvil/auth.authenticate_bearer
警告: `parse_settings_tokens` が複数のモジュールから use * でインポートされています
  anvil/auth.parse_settings_tokens
  anvil/auth.parse_settings_tokens
警告: `new_request` が複数のモジュールから use * でインポートされています
  anvil/request.new_request
  anvil/request.new_request
警告: `request_from_parts` が複数のモジュールから use * でインポートされています
  anvil/request.request_from_parts
  anvil/request.request_from_parts
警告: `apply_response_middleware` が複数のモジュールから use * でインポートされています
  anvil/middleware.apply_response_middleware
  anvil/middleware.apply_response_middleware
警告: `json_parser` が複数のモジュールから use * でインポートされています
  anvil/middleware.json_parser
  anvil/middleware.json_parser
警告: `settings_auth_middleware` が複数のモジュールから use * でインポートされています
  anvil/middleware.settings_auth_middleware
  anvil/middleware.settings_auth_middleware
警告: `logger` が複数のモジュールから use * でインポートされています
  anvil/middleware.logger
  anvil/middleware.logger
警告: `decode_auth_tokens` が複数のモジュールから use * でインポートされています
  anvil/middleware.decode_auth_tokens
  anvil/middleware.decode_auth_tokens
警告: `handle_auth_error` が複数のモジュールから use * でインポートされています
  anvil/middleware.handle_auth_error
  anvil/middleware.handle_auth_error
警告: `static_files` が複数のモジュールから use * でインポートされています
  anvil/middleware.static_files
  anvil/middleware.static_files
警告: `auth_middleware` が複数のモジュールから use * でインポートされています
  anvil/middleware.auth_middleware
  anvil/middleware.auth_middleware
警告: `apply_request_middleware` が複数のモジュールから use * でインポートされています
  anvil/middleware.apply_request_middleware
  anvil/middleware.apply_request_middleware
警告: `encode_auth_tokens` が複数のモジュールから use * でインポートされています
  anvil/middleware.encode_auth_tokens
  anvil/middleware.encode_auth_tokens
警告: `append_middleware_trace` が複数のモジュールから use * でインポートされています
  anvil/middleware.append_middleware_trace
  anvil/middleware.append_middleware_trace
警告: `middleware_passthrough` が複数のモジュールから use * でインポートされています
  anvil/middleware.middleware_passthrough
  anvil/middleware.middleware_passthrough
警告: `require_role` が複数のモジュールから use * でインポートされています
  anvil/middleware.require_role
  anvil/middleware.require_role
警告: `new_request` が複数のモジュールから use * でインポートされています
  anvil/request.new_request
  anvil/request.new_request
警告: `request_from_parts` が複数のモジュールから use * でインポートされています
  anvil/request.request_from_parts
  anvil/request.request_from_parts
警告: `new_request` が複数のモジュールから use * でインポートされています
  anvil/request.new_request
  anvil/request.new_request
警告: `request_from_parts` が複数のモジュールから use * でインポートされています
  anvil/request.request_from_parts
  anvil/request.request_from_parts
警告: `join_paths` が複数のモジュールから use * でインポートされています
  anvil/router.join_paths
  anvil/router.join_paths
警告: `match_route_pattern` が複数のモジュールから use * でインポートされています
  anvil/router.match_route_pattern
  anvil/router.match_route_pattern
警告: `join_tail` が複数のモジュールから use * でインポートされています
  anvil/router.join_tail
  anvil/router.join_tail
実行エラー: シンボル衝突エラー: `init` が複数のモジュールからインポートされています
  use anvil/ssr.init
  use anvil/ssr.init
解決策: エイリアスを使用してください（use anvil/ssr.init as anvil_ssr_init_alias）
